<?xml version="1.0" encoding="UTF-8"?>
<testsuite name="com.app.src.ApplicationTests" tests="1" skipped="0" failures="0" errors="0" timestamp="2025-05-17T20:45:55.869Z" hostname="notebook-550XDA" time="0.569">
  <properties/>
  <testcase name="contextLoads()" classname="com.app.src.ApplicationTests" time="0.569"/>
  <system-out><![CDATA[17:45:54.753 [Test worker] INFO org.springframework.test.context.support.AnnotationConfigContextLoaderUtils -- Could not detect default configuration classes for test class [com.app.src.ApplicationTests]: ApplicationTests does not declare any static, non-private, non-final, nested classes annotated with @Configuration.
17:45:54.836 [Test worker] INFO org.springframework.boot.test.context.SpringBootTestContextBootstrapper -- Found @SpringBootConfiguration com.app.src.Main for test class com.app.src.ApplicationTests

  .   ____          _            __ _ _
 /\\ / ___'_ __ _ _(_)_ __  __ _ \ \ \ \
( ( )\___ | '_ | '_| | '_ \/ _` | \ \ \ \
 \\/  ___)| |_)| | | | | || (_| |  ) ) ) )
  '  |____| .__|_| |_|_| |_\__, | / / / /
 =========|_|==============|___/=/_/_/_/

 :: Spring Boot ::                (v3.4.5)

2025-05-17T17:45:55.102-03:00  INFO 29036 --- [src] [    Test worker] com.app.src.ApplicationTests             : Starting ApplicationTests using Java 21.0.7-ea with PID 29036 (started by arthur_phelipe in /home/arthur_phelipe/app-backend-TCC)
2025-05-17T17:45:55.103-03:00  INFO 29036 --- [src] [    Test worker] com.app.src.ApplicationTests             : No active profile set, falling back to 1 default profile: "default"
2025-05-17T17:45:55.859-03:00  INFO 29036 --- [src] [    Test worker] com.app.src.ApplicationTests             : Started ApplicationTests in 0.936 seconds (process running for 1.682)
]]></system-out>
  <system-err><![CDATA[Mockito is currently self-attaching to enable the inline-mock-maker. This will no longer work in future releases of the JDK. Please add Mockito as an agent to your build what is described in Mockito's documentation: https://javadoc.io/doc/org.mockito/mockito-core/latest/org/mockito/Mockito.html#0.3
WARNING: A Java agent has been loaded dynamically (/home/arthur_phelipe/.gradle/caches/modules-2/files-2.1/net.bytebuddy/byte-buddy-agent/1.15.11/a38b16385e867f59a641330f0362ebe742788ed8/byte-buddy-agent-1.15.11.jar)
WARNING: If a serviceability tool is in use, please run with -XX:+EnableDynamicAgentLoading to hide this warning
WARNING: If a serviceability tool is not in use, please run with -Djdk.instrument.traceUsage for more information
WARNING: Dynamic loading of agents will be disallowed by default in a future release
]]></system-err>
</testsuite>
